<?xml version="1.0" encoding="UTF-8"?>
<testsuite xmlns:xsi="http://www.w3.org/2001/XMLSchema-instance" xsi:noNamespaceSchemaLocation="https://maven.apache.org/surefire/maven-surefire-plugin/xsd/surefire-test-report-3.0.xsd" version="3.0" name="com.example.admin.AmbryAdminApplicationTest" time="5.676" tests="1" errors="0" skipped="0" failures="0">
  <properties>
[...]
</properties>
  <testcase name="contextLoadsBusinessModules" classname="com.example.admin.AmbryAdminApplicationTest" time="1.303">
    <system-out><![CDATA[
  .   ____          _            __ _ _
 /\\ / ___'_ __ _ _(_)_ __  __ _ \ \ \ \
( ( )\___ | '_ | '_| | '_ \/ _` | \ \ \ \
 \\/  ___)| |_)| | | | | || (_| |  ) ) ) )
  '  |____| .__|_| |_|_| |_\__, | / / / /
 =========|_|==============|___/=/_/_/_/
 :: Spring Boot ::                (v3.1.5)

2026-04-29T15:50:05.308+08:00  INFO 35952 --- [           main] c.e.admin.AmbryAdminApplicationTest      : Starting AmbryAdminApplicationTest using Java 17.0.9 with PID 35952 (started by zhanwen.qiu in E:\ideacode\my\springboot-ambry\ambry-admin)
2026-04-29T15:50:05.311+08:00  INFO 35952 --- [           main] c.e.admin.AmbryAdminApplicationTest      : No active profile set, falling back to 1 default profile: "default"
2026-04-29T15:50:06.098+08:00  INFO 35952 --- [           main] .s.d.r.c.RepositoryConfigurationDelegate : Multiple Spring Data modules found, entering strict repository configuration mode
2026-04-29T15:50:06.101+08:00  INFO 35952 --- [           main] .s.d.r.c.RepositoryConfigurationDelegate : Bootstrapping Spring Data Redis repositories in DEFAULT mode.
2026-04-29T15:50:06.123+08:00  INFO 35952 --- [           main] .s.d.r.c.RepositoryConfigurationDelegate : Finished Spring Data repository scanning in 10 ms. Found 0 Redis repository interfaces.
Logging initialized using 'class org.apache.ibatis.logging.stdout.StdOutImpl' adapter.
Initialization Sequence datacenterId:12 workerId:19
 _ _   |_  _ _|_. ___ _ |    _ 
| | |\/|_)(_| | |_\  |_)||_|_\ 
     /               |         
                        3.5.4.1 
2026-04-29T15:50:08.967+08:00  INFO 35952 --- [           main] c.e.admin.AmbryAdminApplicationTest      : Started AmbryAdminApplicationTest in 3.963 seconds (process running for 4.972)
]]></system-out>
  </testcase>
</testsuite>